Flutter crash report; please file at https://github.com/flutter/flutter/issues.

## command

flutter build bundle --suppress-analytics --target C:\Users\juan.alric\Desktop\flutter_course\lib\main.dart --preview-dart-2 --target-platform android-arm64 --depfile C:\Users\juan.alric\Desktop\flutter_course\build\app\intermediates\flutter\debug/snapshot_blob.bin.d --asset-dir C:\Users\juan.alric\Desktop\flutter_course\build\app\intermediates\flutter\debug/flutter_assets --debug

## exception

FileSystemException: FileSystemException: Deletion failed, path = 'C:\Users\juan.alric\Desktop\flutter\bin\cache\artifacts\engine' (OS Error: The system cannot find the file specified.
, errno = 2)

```
#0      _Directory._deleteSync (dart:io/directory_impl.dart:207:7)
#1      FileSystemEntity.deleteSync (dart:io/file_system_entity.dart:466:47)
#2      ForwardingFileSystemEntity.deleteSync (package:file/src/forwarding/forwarding_file_system_entity.dart:72:16)
#3      CachedArtifact.update (package:flutter_tools/src/cache.dart:256:16)
<asynchronous suspension>
#4      Cache.updateAll (package:flutter_tools/src/cache.dart:214:26)
<asynchronous suspension>
#5      FlutterCommand.verifyThenRunCommand (package:flutter_tools/src/runner/flutter_command.dart:331:19)
<asynchronous suspension>
#6      FlutterCommand.run.<anonymous closure> (package:flutter_tools/src/runner/flutter_command.dart:282:33)
<asynchronous suspension>
#7      AppContext.run.<anonymous closure> (package:flutter_tools/src/base/context.dart:142:29)
<asynchronous suspension>
#8      _rootRun (dart:async/zone.dart:1124:13)
#9      _CustomZone.run (dart:async/zone.dart:1021:19)
#10     _runZoned (dart:async/zone.dart:1516:10)
#11     runZoned (dart:async/zone.dart:1463:12)
#12     AppContext.run (package:flutter_tools/src/base/context.dart:141:18)
<asynchronous suspension>
#13     FlutterCommand.run (package:flutter_tools/src/runner/flutter_command.dart:273:20)
#14     CommandRunner.runCommand (package:args/command_runner.dart:194:27)
<asynchronous suspension>
#15     FlutterCommandRunner.runCommand.<anonymous closure> (package:flutter_tools/src/runner/flutter_command_runner.dart:346:21)
<asynchronous suspension>
#16     AppContext.run.<anonymous closure> (package:flutter_tools/src/base/context.dart:142:29)
<asynchronous suspension>
#17     _rootRun (dart:async/zone.dart:1124:13)
#18     _CustomZone.run (dart:async/zone.dart:1021:19)
#19     _runZoned (dart:async/zone.dart:1516:10)
#20     runZoned (dart:async/zone.dart:1463:12)
#21     AppContext.run (package:flutter_tools/src/base/context.dart:141:18)
<asynchronous suspension>
#22     FlutterCommandRunner.runCommand (package:flutter_tools/src/runner/flutter_command_runner.dart:302:19)
<asynchronous suspension>
#23     CommandRunner.run.<anonymous closure> (package:args/command_runner.dart:109:29)
#24     new Future.sync (dart:async/future.dart:224:31)
#25     CommandRunner.run (package:args/command_runner.dart:109:11)
#26     FlutterCommandRunner.run (package:flutter_tools/src/runner/flutter_command_runner.dart:211:18)
#27     run.<anonymous closure> (package:flutter_tools/runner.dart:59:20)
<asynchronous suspension>
#28     AppContext.run.<anonymous closure> (package:flutter_tools/src/base/context.dart:142:29)
<asynchronous suspension>
#29     _rootRun (dart:async/zone.dart:1124:13)
#30     _CustomZone.run (dart:async/zone.dart:1021:19)
#31     _runZoned (dart:async/zone.dart:1516:10)
#32     runZoned (dart:async/zone.dart:1463:12)
#33     AppContext.run (package:flutter_tools/src/base/context.dart:141:18)
<asynchronous suspension>
#34     runInContext (package:flutter_tools/src/context_runner.dart:42:24)
<asynchronous suspension>
#35     run (package:flutter_tools/runner.dart:50:10)
#36     main (package:flutter_tools/executable.dart:51:9)
<asynchronous suspension>
#37     main (file:///C:/Users/juan.alric/Desktop/flutter/packages/flutter_tools/bin/flutter_tools.dart:8:3)
#38     _startIsolate.<anonymous closure> (dart:isolate/runtime/libisolate_patch.dart:277:32)
#39     _RawReceivePortImpl._handleMessage (dart:isolate/runtime/libisolate_patch.dart:165:12)
```

## flutter doctor

```
[!] Flutter (Channel master, v0.5.8-pre.229, on Microsoft Windows [Version 10.0.17134.167], locale en-US)
    • Flutter version 0.5.8-pre.229 at C:\Users\juan.alric\Desktop\flutter
    • Framework revision cacd291c5c (36 minutes ago), 2018-08-03 15:13:28 +0200
    • Engine revision 4893b0760d
    • Dart version 2.0.0-dev.69.5.flutter-8bad5c7b29
    ✗ Downloaded executables cannot execute on host.
      See https://github.com/flutter/flutter/issues/6207 for more information
      

[!] Android toolchain - develop for Android devices (Android SDK 27.0.3)
    • Android SDK at C:\Users\juan.alric\AppData\Local\Android\sdk
    • Android NDK location not configured (optional; useful for native profiling support)
    • Platform android-27, build-tools 27.0.3
    • Java binary at: C:\Program Files\Android\Android Studio\jre\bin\java
    • Java version OpenJDK Runtime Environment (build 1.8.0_152-release-1024-b02)
    ✗ Android license status unknown.

[✓] Android Studio (version 3.1)
    • Android Studio at C:\Program Files\Android\Android Studio
    • Flutter plugin version 24.2.1
    • Dart plugin version 173.4700
    • Java version OpenJDK Runtime Environment (build 1.8.0_152-release-1024-b02)

[✓] VS Code, 64-bit edition (version 1.25.1)
    • VS Code at C:\Program Files\Microsoft VS Code
    • Flutter extension version 2.16.0

[✓] Connected devices (1 available)
    • HUAWEI RIO L03 • UWGJA16421069147 • android-arm64 • Android 5.1 (API 22)

! Doctor found issues in 2 categories.
```
